<?xml version="1.0" encoding="UTF-8"?>
<!-- Generated by org.testng.reporters.JUnitXMLReporter -->
<testsuite ignored="0" hostname="Dell-5577-Sidhu" failures="10" tests="22" name="Addresses_Module" time="149.607" errors="0" timestamp="2023-10-23T13:07:10 EDT">
  <testcase classname="test_layer.Addresses_Test" name="Address_TC1_Click_Your_Addresses" time="0.123"/>
  <testcase classname="test_layer.Addresses_Test" name="Address_TC2_Click_Add_Address" time="0.501"/>
  <testcase classname="test_layer.Addresses_Test" name="Address_TC3_Check_Country" time="0.571"/>
  <testcase classname="test_layer.Addresses_Test" name="Address_TC4_Blank_full_name" time="4.986">
    <failure type="java.lang.AssertionError" message="expected [true] but found [false]">
      <![CDATA[java.lang.AssertionError: expected [true] but found [false]
at test_layer.Addresses_Test.Address_TC4_Blank_full_name(Addresses_Test.java:72)
at java.base/java.util.ArrayList.forEach(ArrayList.java:1511)
... Removed 32 stack frames]]>
    </failure>
  </testcase> <!-- Address_TC4_Blank_full_name -->
  <testcase classname="test_layer.Addresses_Test" name="Address_TC5_Valid_full_name" time="4.658"/>
  <testcase classname="test_layer.Addresses_Test" name="Address_TC6_TC7_TC8_TC9_Invalid_Phone_Number" time="4.711">
    <failure type="java.lang.AssertionError" message="expected [true] but found [false]">
      <![CDATA[java.lang.AssertionError: expected [true] but found [false]
at test_layer.Addresses_Test.Address_TC6_TC7_TC8_TC9_Invalid_Phone_Number(Addresses_Test.java:96)
at java.base/java.util.ArrayList.forEach(ArrayList.java:1511)
... Removed 32 stack frames]]>
    </failure>
  </testcase> <!-- Address_TC6_TC7_TC8_TC9_Invalid_Phone_Number -->
  <testcase classname="test_layer.Addresses_Test" name="Address_TC6_TC7_TC8_TC9_Invalid_Phone_Number" time="4.867">
    <failure type="java.lang.AssertionError" message="expected [true] but found [false]">
      <![CDATA[java.lang.AssertionError: expected [true] but found [false]
at test_layer.Addresses_Test.Address_TC6_TC7_TC8_TC9_Invalid_Phone_Number(Addresses_Test.java:96)
at java.base/java.util.ArrayList.forEach(ArrayList.java:1511)
... Removed 32 stack frames]]>
    </failure>
  </testcase> <!-- Address_TC6_TC7_TC8_TC9_Invalid_Phone_Number -->
  <testcase classname="test_layer.Addresses_Test" name="Address_TC6_TC7_TC8_TC9_Invalid_Phone_Number" time="5.185">
    <failure type="java.lang.AssertionError" message="expected [true] but found [false]">
      <![CDATA[java.lang.AssertionError: expected [true] but found [false]
at test_layer.Addresses_Test.Address_TC6_TC7_TC8_TC9_Invalid_Phone_Number(Addresses_Test.java:96)
at java.base/java.util.ArrayList.forEach(ArrayList.java:1511)
... Removed 32 stack frames]]>
    </failure>
  </testcase> <!-- Address_TC6_TC7_TC8_TC9_Invalid_Phone_Number -->
  <testcase classname="test_layer.Addresses_Test" name="Address_TC6_TC7_TC8_TC9_Invalid_Phone_Number" time="5.122">
    <failure type="java.lang.AssertionError" message="expected [true] but found [false]">
      <![CDATA[java.lang.AssertionError: expected [true] but found [false]
at test_layer.Addresses_Test.Address_TC6_TC7_TC8_TC9_Invalid_Phone_Number(Addresses_Test.java:96)
at java.base/java.util.ArrayList.forEach(ArrayList.java:1511)
... Removed 32 stack frames]]>
    </failure>
  </testcase> <!-- Address_TC6_TC7_TC8_TC9_Invalid_Phone_Number -->
  <testcase classname="test_layer.Addresses_Test" name="Address_TC10_Valid_Phone_Number" time="4.679"/>
  <testcase classname="test_layer.Addresses_Test" name="Address_TC11_Blank_Address" time="15.592">
    <failure type="java.lang.AssertionError" message="expected [true] but found [false]">
      <![CDATA[java.lang.AssertionError: expected [true] but found [false]
at test_layer.Addresses_Test.Address_TC11_Blank_Address(Addresses_Test.java:117)
at java.base/java.util.ArrayList.forEach(ArrayList.java:1511)
... Removed 32 stack frames]]>
    </failure>
  </testcase> <!-- Address_TC11_Blank_Address -->
  <testcase classname="test_layer.Addresses_Test" name="Address_TC12_Valid_Address" time="4.761"/>
  <testcase classname="test_layer.Addresses_Test" name="Address_TC13_Valid_City_and_Province" time="5.242"/>
  <testcase classname="test_layer.Addresses_Test" name="Address_TC14_Invalid_City_and_Province" time="5.452">
    <failure type="java.lang.AssertionError" message="expected [true] but found [false]">
      <![CDATA[java.lang.AssertionError: expected [true] but found [false]
at test_layer.Addresses_Test.Address_TC14_Invalid_City_and_Province(Addresses_Test.java:152)
at java.base/java.util.ArrayList.forEach(ArrayList.java:1511)
... Removed 32 stack frames]]>
    </failure>
  </testcase> <!-- Address_TC14_Invalid_City_and_Province -->
  <testcase classname="test_layer.Addresses_Test" name="Address_TC15_blank_City" time="5.1">
    <failure type="java.lang.AssertionError" message="expected [true] but found [false]">
      <![CDATA[java.lang.AssertionError: expected [true] but found [false]
at test_layer.Addresses_Test.Address_TC15_blank_City(Addresses_Test.java:164)
at java.base/java.util.ArrayList.forEach(ArrayList.java:1511)
... Removed 32 stack frames]]>
    </failure>
  </testcase> <!-- Address_TC15_blank_City -->
  <testcase classname="test_layer.Addresses_Test" name="Address_TC16_Valid_Postal_Code" time="5.67"/>
  <testcase classname="test_layer.Addresses_Test" name="Address_TC17_Invalid_Postal_Code" time="5.509">
    <failure type="java.lang.AssertionError" message="expected [true] but found [false]">
      <![CDATA[java.lang.AssertionError: expected [true] but found [false]
at test_layer.Addresses_Test.Address_TC17_Invalid_Postal_Code(Addresses_Test.java:192)
at java.base/java.util.ArrayList.forEach(ArrayList.java:1511)
... Removed 32 stack frames]]>
    </failure>
  </testcase> <!-- Address_TC17_Invalid_Postal_Code -->
  <testcase classname="test_layer.Addresses_Test" name="Address_TC18_blank_Postal_Code" time="5.497">
    <failure type="java.lang.AssertionError" message="expected [true] but found [false]">
      <![CDATA[java.lang.AssertionError: expected [true] but found [false]
at test_layer.Addresses_Test.Address_TC18_blank_Postal_Code(Addresses_Test.java:206)
at java.base/java.util.ArrayList.forEach(ArrayList.java:1511)
... Removed 32 stack frames]]>
    </failure>
  </testcase> <!-- Address_TC18_blank_Postal_Code -->
  <testcase classname="test_layer.Addresses_Test" name="Address_TC19_make_default" time="1.583"/>
  <testcase classname="test_layer.Addresses_Test" name="Address_TC20_TC21_delivery_instructions" time="2.846"/>
  <testcase classname="test_layer.Addresses_Test" name="Address_TC22_add_address_with_make_default" time="15.083"/>
  <testcase classname="test_layer.Addresses_Test" name="Address_TC23_add_address_without_make_default" time="5.773"/>
</testsuite> <!-- Addresses_Module -->
