<?xml version="1.0" encoding="UTF-8"?>
<!-- Generated by org.testng.reporters.JUnitXMLReporter -->
<testsuite ignored="0" hostname="Dell-5577-Sidhu" failures="0" tests="4" name="Orders_Module" time="21.496" errors="0" timestamp="2023-10-23T13:07:31 EDT">
  <testcase classname="test_layer.Orders_Test" name="Orders_TC1_Click_Your_Orders" time="0.101"/>
  <testcase classname="test_layer.Orders_Test" name="Orders_TC2_Click_Buy_Again" time="1.107"/>
  <testcase classname="test_layer.Orders_Test" name="Orders_TC3_Click_Not_Yet_Shipped" time="0.91"/>
  <testcase classname="test_layer.Orders_Test" name="Orders_TC4_Click_Cancelled_Orders" time="0.679"/>
</testsuite> <!-- Orders_Module -->
