<?xml version="1.0" encoding="UTF-8"?>
<!-- Generated by org.testng.reporters.JUnitXMLReporter -->
<testsuite ignored="0" hostname="Dell-5577-Sidhu" failures="16" tests="43" name="Search_Module" time="596.065" errors="0" timestamp="2023-10-23T12:56:39 EDT">
  <testcase classname="test_layer.Search_Test" name="Search_TC1_search_suggestions" time="0.549"/>
  <testcase classname="test_layer.Search_Test" name="Search_TC2_search_result" time="2.722"/>
  <testcase classname="test_layer.Search_Test" name="Search_TC3_Number_of_products" time="2.106"/>
  <testcase classname="test_layer.Search_Test" name="Search_TC4_click_next_page" time="6.753"/>
  <testcase classname="test_layer.Search_Test" name="Search_TC5_Pagination" time="8.202"/>
  <testcase classname="test_layer.Search_Test" name="Search_TC7_Filter_by_Customer_Rating" time="7.46"/>
  <testcase classname="test_layer.Search_Test" name="Search_TC8_Filter_by_Online_Saving" time="8.206"/>
  <testcase classname="test_layer.Search_Test" name="Search_TC10_Filter_by_Brand" time="6.758"/>
  <testcase classname="test_layer.Search_Test" name="Search_TC11_Filter_by_Price" time="7.31"/>
  <testcase classname="test_layer.Search_Test" name="Search_TC21_Filter_by_Customer_Rating_and_Online_Saving" time="11.668"/>
  <testcase classname="test_layer.Search_Test" name="Search_TC23_Filter_by_Customer_Rating_and_Brand" time="11.272"/>
  <testcase classname="test_layer.Search_Test" name="Search_TC24_Filter_by_Customer_Rating_and_Price" time="11.285"/>
  <testcase classname="test_layer.Search_Test" name="Search_TC28_Filter_by_Online_Saving_and_Brand" time="11.39"/>
  <testcase classname="test_layer.Search_Test" name="Search_TC29_Filter_by_Online_Saving_and_Price" time="11.61"/>
  <testcase classname="test_layer.Search_Test" name="Search_TC36_Filter_by_Brand_and_Price" time="10.533">
    <failure type="java.lang.AssertionError" message="The following asserts failed:
	Prices out of filter range: Under $25 expected [true] but found [false]">
      <![CDATA[java.lang.AssertionError: The following asserts failed:
Prices out of filter range: Under $25 expected [true] but found [false]
at test_layer.Search_Test.Search_TC36_Filter_by_Brand_and_Price(Search_Test.java:220)
at java.base/java.util.ArrayList.forEach(ArrayList.java:1511)
... Removed 27 stack frames]]>
    </failure>
  </testcase> <!-- Search_TC36_Filter_by_Brand_and_Price -->
  <testcase classname="test_layer.Search_Test" name="Search_TC42_Apply_all_filters" time="17.608"/>
  <testcase classname="test_layer.Search_Test" name="Search_TC44_Sort_by_price_low_to_high" time="7.661">
    <failure type="java.lang.AssertionError" message="Sort by Price: Low to High failed expected [true] but found [false]">
      <![CDATA[java.lang.AssertionError: Sort by Price: Low to High failed expected [true] but found [false]
at test_layer.Search_Test.Search_TC44_Sort_by_price_low_to_high(Search_Test.java:253)
at java.base/java.util.ArrayList.forEach(ArrayList.java:1511)
... Removed 31 stack frames]]>
    </failure>
  </testcase> <!-- Search_TC44_Sort_by_price_low_to_high -->
  <testcase classname="test_layer.Search_Test" name="Search_TC45_Sort_by_price_high_to_low" time="8.569">
    <failure type="java.lang.AssertionError" message="Sort by Price: High to Low failed expected [true] but found [false]">
      <![CDATA[java.lang.AssertionError: Sort by Price: High to Low failed expected [true] but found [false]
at test_layer.Search_Test.Search_TC45_Sort_by_price_high_to_low(Search_Test.java:262)
at java.base/java.util.ArrayList.forEach(ArrayList.java:1511)
... Removed 31 stack frames]]>
    </failure>
  </testcase> <!-- Search_TC45_Sort_by_price_high_to_low -->
  <testcase classname="test_layer.Search_Test" name="Search_TC46_Sort_by_Avg_customer_review" time="7.662">
    <failure type="java.lang.AssertionError" message="Sort by Avg. Customer Review failed expected [true] but found [false]">
      <![CDATA[java.lang.AssertionError: Sort by Avg. Customer Review failed expected [true] but found [false]
at test_layer.Search_Test.Search_TC46_Sort_by_Avg_customer_review(Search_Test.java:271)
at java.base/java.util.ArrayList.forEach(ArrayList.java:1511)
... Removed 31 stack frames]]>
    </failure>
  </testcase> <!-- Search_TC46_Sort_by_Avg_customer_review -->
  <testcase classname="test_layer.Search_Test" name="Search_TC57_Sort_by_Price_Low_to_High_and_Filter_by_Customer_Rating" time="11.192">
    <failure type="java.lang.AssertionError" message="expected [true] but found [false]">
      <![CDATA[java.lang.AssertionError: expected [true] but found [false]
at test_layer.Search_Test.Search_TC57_Sort_by_Price_Low_to_High_and_Filter_by_Customer_Rating(Search_Test.java:283)
at java.base/java.util.ArrayList.forEach(ArrayList.java:1511)
... Removed 32 stack frames]]>
    </failure>
  </testcase> <!-- Search_TC57_Sort_by_Price_Low_to_High_and_Filter_by_Customer_Rating -->
  <testcase classname="test_layer.Search_Test" name="Search_TC58_Sort_by_Price_Low_to_High_and_Filter_by_Online_Saving" time="16.401">
    <failure type="java.lang.AssertionError" message="expected [true] but found [false]">
      <![CDATA[java.lang.AssertionError: expected [true] but found [false]
at test_layer.Search_Test.Search_TC58_Sort_by_Price_Low_to_High_and_Filter_by_Online_Saving(Search_Test.java:295)
at java.base/java.util.ArrayList.forEach(ArrayList.java:1511)
... Removed 32 stack frames]]>
    </failure>
  </testcase> <!-- Search_TC58_Sort_by_Price_Low_to_High_and_Filter_by_Online_Saving -->
  <testcase classname="test_layer.Search_Test" name="Search_TC60_Sort_by_Price_Low_to_High_and_Filter_by_Brand" time="16.451">
    <failure type="java.lang.AssertionError" message="expected [true] but found [false]">
      <![CDATA[java.lang.AssertionError: expected [true] but found [false]
at test_layer.Search_Test.Search_TC60_Sort_by_Price_Low_to_High_and_Filter_by_Brand(Search_Test.java:305)
at java.base/java.util.ArrayList.forEach(ArrayList.java:1511)
... Removed 32 stack frames]]>
    </failure>
  </testcase> <!-- Search_TC60_Sort_by_Price_Low_to_High_and_Filter_by_Brand -->
  <testcase classname="test_layer.Search_Test" name="Search_TC61_Sort_by_Price_Low_to_High_and_Filter_by_Price" time="11.93">
    <failure type="java.lang.AssertionError" message="expected [true] but found [false]">
      <![CDATA[java.lang.AssertionError: expected [true] but found [false]
at test_layer.Search_Test.Search_TC61_Sort_by_Price_Low_to_High_and_Filter_by_Price(Search_Test.java:315)
at java.base/java.util.ArrayList.forEach(ArrayList.java:1511)
... Removed 32 stack frames]]>
    </failure>
  </testcase> <!-- Search_TC61_Sort_by_Price_Low_to_High_and_Filter_by_Price -->
  <testcase classname="test_layer.Search_Test" name="Search_TC65_Sort_by_Price_High_to_Low_and_Filter_by_Customer_Rating" time="11.283">
    <failure type="java.lang.AssertionError" message="expected [true] but found [false]">
      <![CDATA[java.lang.AssertionError: expected [true] but found [false]
at test_layer.Search_Test.Search_TC65_Sort_by_Price_High_to_Low_and_Filter_by_Customer_Rating(Search_Test.java:327)
at java.base/java.util.ArrayList.forEach(ArrayList.java:1511)
... Removed 32 stack frames]]>
    </failure>
  </testcase> <!-- Search_TC65_Sort_by_Price_High_to_Low_and_Filter_by_Customer_Rating -->
  <testcase classname="test_layer.Search_Test" name="Search_TC66_Sort_by_Price_High_to_Low_and_Filter_by_Online_Saving" time="11.966">
    <failure type="java.lang.AssertionError" message="expected [true] but found [false]">
      <![CDATA[java.lang.AssertionError: expected [true] but found [false]
at test_layer.Search_Test.Search_TC66_Sort_by_Price_High_to_Low_and_Filter_by_Online_Saving(Search_Test.java:339)
at java.base/java.util.ArrayList.forEach(ArrayList.java:1511)
... Removed 32 stack frames]]>
    </failure>
  </testcase> <!-- Search_TC66_Sort_by_Price_High_to_Low_and_Filter_by_Online_Saving -->
  <testcase classname="test_layer.Search_Test" name="Search_TC68_Sort_by_Price_High_to_Low_and_Filter_by_Brand" time="11.787">
    <failure type="java.lang.AssertionError" message="expected [true] but found [false]">
      <![CDATA[java.lang.AssertionError: expected [true] but found [false]
at test_layer.Search_Test.Search_TC68_Sort_by_Price_High_to_Low_and_Filter_by_Brand(Search_Test.java:349)
at java.base/java.util.ArrayList.forEach(ArrayList.java:1511)
... Removed 32 stack frames]]>
    </failure>
  </testcase> <!-- Search_TC68_Sort_by_Price_High_to_Low_and_Filter_by_Brand -->
  <testcase classname="test_layer.Search_Test" name="Search_TC69_Sort_by_Price_High_to_Low_and_Filter_by_Price" time="16.664">
    <failure type="java.lang.AssertionError" message="expected [true] but found [false]">
      <![CDATA[java.lang.AssertionError: expected [true] but found [false]
at test_layer.Search_Test.Search_TC69_Sort_by_Price_High_to_Low_and_Filter_by_Price(Search_Test.java:359)
at java.base/java.util.ArrayList.forEach(ArrayList.java:1511)
... Removed 32 stack frames]]>
    </failure>
  </testcase> <!-- Search_TC69_Sort_by_Price_High_to_Low_and_Filter_by_Price -->
  <testcase classname="test_layer.Search_Test" name="Search_TC73_Sort_by_Avg_Customer_Review_and_Filter_by_Customer_Rating" time="10.69">
    <failure type="java.lang.AssertionError" message="expected [true] but found [false]">
      <![CDATA[java.lang.AssertionError: expected [true] but found [false]
at test_layer.Search_Test.Search_TC73_Sort_by_Avg_Customer_Review_and_Filter_by_Customer_Rating(Search_Test.java:371)
at java.base/java.util.ArrayList.forEach(ArrayList.java:1511)
... Removed 32 stack frames]]>
    </failure>
  </testcase> <!-- Search_TC73_Sort_by_Avg_Customer_Review_and_Filter_by_Customer_Rating -->
  <testcase classname="test_layer.Search_Test" name="Search_TC74_Sort_by_Avg_Customer_Review_and_Filter_by_Online_Saving" time="11.474">
    <failure type="java.lang.AssertionError" message="expected [true] but found [false]">
      <![CDATA[java.lang.AssertionError: expected [true] but found [false]
at test_layer.Search_Test.Search_TC74_Sort_by_Avg_Customer_Review_and_Filter_by_Online_Saving(Search_Test.java:383)
at java.base/java.util.ArrayList.forEach(ArrayList.java:1511)
... Removed 32 stack frames]]>
    </failure>
  </testcase> <!-- Search_TC74_Sort_by_Avg_Customer_Review_and_Filter_by_Online_Saving -->
  <testcase classname="test_layer.Search_Test" name="Search_TC76_Sort_by_Avg_Customer_Review_and_Filter_by_Brand" time="12.025">
    <failure type="java.lang.AssertionError" message="expected [true] but found [false]">
      <![CDATA[java.lang.AssertionError: expected [true] but found [false]
at test_layer.Search_Test.Search_TC76_Sort_by_Avg_Customer_Review_and_Filter_by_Brand(Search_Test.java:393)
at java.base/java.util.ArrayList.forEach(ArrayList.java:1511)
... Removed 32 stack frames]]>
    </failure>
  </testcase> <!-- Search_TC76_Sort_by_Avg_Customer_Review_and_Filter_by_Brand -->
  <testcase classname="test_layer.Search_Test" name="Search_TC77_Sort_by_Avg_Customer_Review_and_Filter_by_Price" time="15.319">
    <failure type="java.lang.AssertionError" message="expected [true] but found [false]">
      <![CDATA[java.lang.AssertionError: expected [true] but found [false]
at test_layer.Search_Test.Search_TC77_Sort_by_Avg_Customer_Review_and_Filter_by_Price(Search_Test.java:403)
at java.base/java.util.ArrayList.forEach(ArrayList.java:1511)
... Removed 32 stack frames]]>
    </failure>
  </testcase> <!-- Search_TC77_Sort_by_Avg_Customer_Review_and_Filter_by_Price -->
  <testcase classname="test_layer.Search_Test" name="Search_TC97_Pagination_with_Sort_by_Price_Low_to_High_and_Filter_by_Customer_Rating" time="18.634"/>
  <testcase classname="test_layer.Search_Test" name="Search_TC98_Pagination_with_Sort_by_Price_Low_to_High_and_Filter_by_Online_Saving" time="12.997"/>
  <testcase classname="test_layer.Search_Test" name="Search_TC100_Pagination_with_Sort_by_Price_Low_to_High_and_Filter_by_Brand" time="19.897"/>
  <testcase classname="test_layer.Search_Test" name="Search_TC101_Pagination_with_Sort_by_Price_Low_to_High_and_Filter_by_Price" time="22.104"/>
  <testcase classname="test_layer.Search_Test" name="Search_TC105_Pagination_with_Sort_by_Price_High_to_Low_and_Filter_by_Customer_Rating" time="21.104"/>
  <testcase classname="test_layer.Search_Test" name="Search_TC106_Pagination_with_Sort_by_Price_High_to_Low_and_Filter_by_Online_Saving" time="19.265"/>
  <testcase classname="test_layer.Search_Test" name="Search_TC108_Pagination_with_Sort_by_Price_High_to_Low_and_Filter_by_Brand" time="21.297"/>
  <testcase classname="test_layer.Search_Test" name="Search_TC109_Pagination_with_Sort_by_Price_High_to_Low_and_Filter_by_Price" time="20.175"/>
  <testcase classname="test_layer.Search_Test" name="Search_TC113_Pagination_with_Sort_by_Avg_Customer_Review_and_Filter_by_Customer_Rating" time="13.145"/>
  <testcase classname="test_layer.Search_Test" name="Search_TC114_Pagination_with_Sort_by_Avg_Customer_Review_and_Filter_by_Online_Saving" time="12.766"/>
  <testcase classname="test_layer.Search_Test" name="Search_TC116_Pagination_with_Sort_by_Avg_Customer_Review_and_Filter_by_Brand" time="20.115"/>
  <testcase classname="test_layer.Search_Test" name="Search_TC117_Pagination_with_Sort_by_Avg_Customer_Review_and_Filter_by_Price" time="14.884"/>
</testsuite> <!-- Search_Module -->
