<?xml version="1.0" encoding="UTF-8"?>
<!-- Generated by org.testng.reporters.JUnitXMLReporter -->
<testsuite ignored="0" hostname="Dell-5577-Sidhu" failures="0" tests="6" name="Shopping_Cart_Module" time="480.689" errors="0" timestamp="2023-10-23T13:04:40 EDT">
  <testcase classname="test_layer.ShoppingCart_Test" name="Shopping_Cart_TC1_Add_item_to_cart_AND_TC7_Click_on_item_in_cart" time="52.373"/>
  <testcase classname="test_layer.ShoppingCart_Test" name="Shopping_Cart_TC2_increase_quantity" time="61.617"/>
  <testcase classname="test_layer.ShoppingCart_Test" name="Shopping_Cart_TC3_add_same_item_multiple_times" time="53.691"/>
  <testcase classname="test_layer.ShoppingCart_Test" name="Shopping_Cart_TC4_add_diiferent_type_multiple_times" time="78.126"/>
  <testcase classname="test_layer.ShoppingCart_Test" name="Shopping_Cart_TC5_remove_some_items" time="80.737"/>
  <testcase classname="test_layer.ShoppingCart_Test" name="Shopping_Cart_TC6_remove_all_items" time="94.637"/>
</testsuite> <!-- Shopping_Cart_Module -->
